<?xml version="1.0" encoding="UTF-8"?>
<testsuite name="com.cbnu.zmz.repository.NoticeRepositoryTests" tests="1" skipped="0" failures="0" errors="0" timestamp="2022-02-10T13:48:50" hostname="DESKTOP-Q2UAOTF" time="2.205">
  <properties/>
  <testcase name="testInsertDummy()" classname="com.cbnu.zmz.repository.NoticeRepositoryTests" time="2.205"/>
  <system-out><![CDATA[22:48:43.298 [Test worker] DEBUG org.springframework.test.context.BootstrapUtils - Instantiating CacheAwareContextLoaderDelegate from class [org.springframework.test.context.cache.DefaultCacheAwareContextLoaderDelegate]
22:48:43.314 [Test worker] DEBUG org.springframework.test.context.BootstrapUtils - Instantiating BootstrapContext using constructor [public org.springframework.test.context.support.DefaultBootstrapContext(java.lang.Class,org.springframework.test.context.CacheAwareContextLoaderDelegate)]
22:48:43.376 [Test worker] DEBUG org.springframework.test.context.BootstrapUtils - Instantiating TestContextBootstrapper for test class [com.cbnu.zmz.repository.NoticeRepositoryTests] from class [org.springframework.boot.test.context.SpringBootTestContextBootstrapper]
22:48:43.392 [Test worker] INFO org.springframework.boot.test.context.SpringBootTestContextBootstrapper - Neither @ContextConfiguration nor @ContextHierarchy found for test class [com.cbnu.zmz.repository.NoticeRepositoryTests], using SpringBootContextLoader
22:48:43.408 [Test worker] DEBUG org.springframework.test.context.support.AbstractContextLoader - Did not detect default resource location for test class [com.cbnu.zmz.repository.NoticeRepositoryTests]: class path resource [com/cbnu/zmz/repository/NoticeRepositoryTests-context.xml] does not exist
22:48:43.408 [Test worker] DEBUG org.springframework.test.context.support.AbstractContextLoader - Did not detect default resource location for test class [com.cbnu.zmz.repository.NoticeRepositoryTests]: class path resource [com/cbnu/zmz/repository/NoticeRepositoryTestsContext.groovy] does not exist
22:48:43.408 [Test worker] INFO org.springframework.test.context.support.AbstractContextLoader - Could not detect default resource locations for test class [com.cbnu.zmz.repository.NoticeRepositoryTests]: no resource found for suffixes {-context.xml, Context.groovy}.
22:48:43.408 [Test worker] INFO org.springframework.test.context.support.AnnotationConfigContextLoaderUtils - Could not detect default configuration classes for test class [com.cbnu.zmz.repository.NoticeRepositoryTests]: NoticeRepositoryTests does not declare any static, non-private, non-final, nested classes annotated with @Configuration.
22:48:43.486 [Test worker] DEBUG org.springframework.test.context.support.ActiveProfilesUtils - Could not find an 'annotation declaring class' for annotation type [org.springframework.test.context.ActiveProfiles] and class [com.cbnu.zmz.repository.NoticeRepositoryTests]
22:48:43.579 [Test worker] DEBUG org.springframework.context.annotation.ClassPathScanningCandidateComponentProvider - Identified candidate component class: file [C:\Users\csw93\spring-workspace\ZMZ-SERVER\build\classes\java\main\com\cbnu\zmz\ZmzApplication.class]
22:48:43.579 [Test worker] INFO org.springframework.boot.test.context.SpringBootTestContextBootstrapper - Found @SpringBootConfiguration com.cbnu.zmz.ZmzApplication for test class com.cbnu.zmz.repository.NoticeRepositoryTests
22:48:43.720 [Test worker] DEBUG org.springframework.boot.test.context.SpringBootTestContextBootstrapper - @TestExecutionListeners is not present for class [com.cbnu.zmz.repository.NoticeRepositoryTests]: using defaults.
22:48:43.720 [Test worker] INFO org.springframework.boot.test.context.SpringBootTestContextBootstrapper - Loaded default TestExecutionListener class names from location [META-INF/spring.factories]: [org.springframework.boot.test.autoconfigure.restdocs.RestDocsTestExecutionListener, org.springframework.boot.test.autoconfigure.web.client.MockRestServiceServerResetTestExecutionListener, org.springframework.boot.test.autoconfigure.web.servlet.MockMvcPrintOnlyOnFailureTestExecutionListener, org.springframework.boot.test.autoconfigure.web.servlet.WebDriverTestExecutionListener, org.springframework.boot.test.autoconfigure.webservices.client.MockWebServiceServerTestExecutionListener, org.springframework.boot.test.mock.mockito.MockitoTestExecutionListener, org.springframework.boot.test.mock.mockito.ResetMocksTestExecutionListener, org.springframework.test.context.web.ServletTestExecutionListener, org.springframework.test.context.support.DirtiesContextBeforeModesTestExecutionListener, org.springframework.test.context.event.ApplicationEventsTestExecutionListener, org.springframework.test.context.support.DependencyInjectionTestExecutionListener, org.springframework.test.context.support.DirtiesContextTestExecutionListener, org.springframework.test.context.transaction.TransactionalTestExecutionListener, org.springframework.test.context.jdbc.SqlScriptsTestExecutionListener, org.springframework.test.context.event.EventPublishingTestExecutionListener]
22:48:43.751 [Test worker] INFO org.springframework.boot.test.context.SpringBootTestContextBootstrapper - Using TestExecutionListeners: [org.springframework.test.context.web.ServletTestExecutionListener@24855019, org.springframework.test.context.support.DirtiesContextBeforeModesTestExecutionListener@3abd581e, org.springframework.test.context.event.ApplicationEventsTestExecutionListener@4d4d8fcf, org.springframework.boot.test.mock.mockito.MockitoTestExecutionListener@610db97e, org.springframework.boot.test.autoconfigure.SpringBootDependencyInjectionTestExecutionListener@6f0628de, org.springframework.test.context.support.DirtiesContextTestExecutionListener@3fabf088, org.springframework.test.context.transaction.TransactionalTestExecutionListener@1e392345, org.springframework.test.context.jdbc.SqlScriptsTestExecutionListener@12f3afb5, org.springframework.test.context.event.EventPublishingTestExecutionListener@4ced35ed, org.springframework.boot.test.autoconfigure.restdocs.RestDocsTestExecutionListener@2c22a348, org.springframework.boot.test.autoconfigure.web.client.MockRestServiceServerResetTestExecutionListener@7bd69e82, org.springframework.boot.test.autoconfigure.web.servlet.MockMvcPrintOnlyOnFailureTestExecutionListener@74d7184a, org.springframework.boot.test.autoconfigure.web.servlet.WebDriverTestExecutionListener@51b01960, org.springframework.boot.test.autoconfigure.webservices.client.MockWebServiceServerTestExecutionListener@6831d8fd, org.springframework.boot.test.mock.mockito.ResetMocksTestExecutionListener@27dc79f7]
22:48:43.751 [Test worker] DEBUG org.springframework.test.context.support.AbstractDirtiesContextTestExecutionListener - Before test class: context [DefaultTestContext@4acf72b6 testClass = NoticeRepositoryTests, testInstance = [null], testMethod = [null], testException = [null], mergedContextConfiguration = [WebMergedContextConfiguration@7561db12 testClass = NoticeRepositoryTests, locations = '{}', classes = '{class com.cbnu.zmz.ZmzApplication}', contextInitializerClasses = '[]', activeProfiles = '{}', propertySourceLocations = '{}', propertySourceProperties = '{org.springframework.boot.test.context.SpringBootTestContextBootstrapper=true}', contextCustomizers = set[org.springframework.boot.test.autoconfigure.actuate.metrics.MetricsExportContextCustomizerFactory$DisableMetricExportContextCustomizer@d8305c2, org.springframework.boot.test.autoconfigure.properties.PropertyMappingContextCustomizer@0, org.springframework.boot.test.autoconfigure.web.servlet.WebDriverContextCustomizerFactory$Customizer@4879f0f2, org.springframework.boot.test.context.filter.ExcludeFilterContextCustomizer@5b43fbf6, org.springframework.boot.test.json.DuplicateJsonObjectContextCustomizerFactory$DuplicateJsonObjectContextCustomizer@5b07730f, org.springframework.boot.test.mock.mockito.MockitoContextCustomizer@0, org.springframework.boot.test.web.client.TestRestTemplateContextCustomizer@556d0826, org.springframework.boot.test.context.SpringBootTestArgs@1, org.springframework.boot.test.context.SpringBootTestWebEnvironment@18ece7f4], resourceBasePath = 'src/main/webapp', contextLoader = 'org.springframework.boot.test.context.SpringBootContextLoader', parent = [null]], attributes = map['org.springframework.test.context.web.ServletTestExecutionListener.activateListener' -> true]], class annotated with @DirtiesContext [false] with mode [null].

  .   ____          _            __ _ _
 /\\ / ___'_ __ _ _(_)_ __  __ _ \ \ \ \
( ( )\___ | '_ | '_| | '_ \/ _` | \ \ \ \
 \\/  ___)| |_)| | | | | || (_| |  ) ) ) )
  '  |____| .__|_| |_|_| |_\__, | / / / /
 =========|_|==============|___/=/_/_/_/
 :: Spring Boot ::                (v2.6.3)

2022-02-10 22:48:44.282  INFO 2352 --- [    Test worker] c.c.z.repository.NoticeRepositoryTests   : Starting NoticeRepositoryTests using Java 11.0.13 on DESKTOP-Q2UAOTF with PID 2352 (started by csw93 in C:\Users\csw93\spring-workspace\ZMZ-SERVER)
2022-02-10 22:48:44.282  INFO 2352 --- [    Test worker] c.c.z.repository.NoticeRepositoryTests   : No active profile set, falling back to default profiles: default
2022-02-10 22:48:45.298  INFO 2352 --- [    Test worker] .s.d.r.c.RepositoryConfigurationDelegate : Bootstrapping Spring Data JPA repositories in DEFAULT mode.
2022-02-10 22:48:45.407  INFO 2352 --- [    Test worker] .s.d.r.c.RepositoryConfigurationDelegate : Finished Spring Data repository scanning in 85 ms. Found 4 JPA repository interfaces.
2022-02-10 22:48:46.391  INFO 2352 --- [    Test worker] o.hibernate.jpa.internal.util.LogHelper  : HHH000204: Processing PersistenceUnitInfo [name: default]
2022-02-10 22:48:46.485  INFO 2352 --- [    Test worker] org.hibernate.Version                    : HHH000412: Hibernate ORM core version 5.6.4.Final
2022-02-10 22:48:46.766  INFO 2352 --- [    Test worker] o.hibernate.annotations.common.Version   : HCANN000001: Hibernate Commons Annotations {5.1.2.Final}
2022-02-10 22:48:46.985  INFO 2352 --- [    Test worker] com.zaxxer.hikari.HikariDataSource       : HikariPool-1 - Starting...
2022-02-10 22:48:47.469  INFO 2352 --- [    Test worker] com.zaxxer.hikari.HikariDataSource       : HikariPool-1 - Start completed.
2022-02-10 22:48:47.516  INFO 2352 --- [    Test worker] org.hibernate.dialect.Dialect            : HHH000400: Using dialect: org.hibernate.dialect.MySQL8Dialect
Hibernate: 
    
    create table scrap (
       user_id varchar(255) not null auto_increment,
        primary key (user_id)
    ) engine=InnoDB
2022-02-10 22:48:48.797  WARN 2352 --- [    Test worker] o.h.t.s.i.ExceptionHandlerLoggedImpl     : GenerationTarget encountered exception accepting command : Error executing DDL "
    create table scrap (
       user_id varchar(255) not null auto_increment,
        primary key (user_id)
    ) engine=InnoDB" via JDBC Statement

org.hibernate.tool.schema.spi.CommandAcceptanceException: Error executing DDL "
    create table scrap (
       user_id varchar(255) not null auto_increment,
        primary key (user_id)
    ) engine=InnoDB" via JDBC Statement
	at org.hibernate.tool.schema.internal.exec.GenerationTargetToDatabase.accept(GenerationTargetToDatabase.java:67) ~[hibernate-core-5.6.4.Final.jar:5.6.4.Final]
	at org.hibernate.tool.schema.internal.AbstractSchemaMigrator.applySqlString(AbstractSchemaMigrator.java:581) ~[hibernate-core-5.6.4.Final.jar:5.6.4.Final]
	at org.hibernate.tool.schema.internal.AbstractSchemaMigrator.applySqlStrings(AbstractSchemaMigrator.java:526) ~[hibernate-core-5.6.4.Final.jar:5.6.4.Final]
	at org.hibernate.tool.schema.internal.AbstractSchemaMigrator.createTable(AbstractSchemaMigrator.java:293) ~[hibernate-core-5.6.4.Final.jar:5.6.4.Final]
	at org.hibernate.tool.schema.internal.GroupedSchemaMigratorImpl.performTablesMigration(GroupedSchemaMigratorImpl.java:74) ~[hibernate-core-5.6.4.Final.jar:5.6.4.Final]
	at org.hibernate.tool.schema.internal.AbstractSchemaMigrator.performMigration(AbstractSchemaMigrator.java:220) ~[hibernate-core-5.6.4.Final.jar:5.6.4.Final]
	at org.hibernate.tool.schema.internal.AbstractSchemaMigrator.doMigration(AbstractSchemaMigrator.java:123) ~[hibernate-core-5.6.4.Final.jar:5.6.4.Final]
	at org.hibernate.tool.schema.spi.SchemaManagementToolCoordinator.performDatabaseAction(SchemaManagementToolCoordinator.java:192) ~[hibernate-core-5.6.4.Final.jar:5.6.4.Final]
	at org.hibernate.tool.schema.spi.SchemaManagementToolCoordinator.process(SchemaManagementToolCoordinator.java:81) ~[hibernate-core-5.6.4.Final.jar:5.6.4.Final]
	at org.hibernate.internal.SessionFactoryImpl.<init>(SessionFactoryImpl.java:335) ~[hibernate-core-5.6.4.Final.jar:5.6.4.Final]
	at org.hibernate.boot.internal.SessionFactoryBuilderImpl.build(SessionFactoryBuilderImpl.java:471) ~[hibernate-core-5.6.4.Final.jar:5.6.4.Final]
	at org.hibernate.jpa.boot.internal.EntityManagerFactoryBuilderImpl.build(EntityManagerFactoryBuilderImpl.java:1498) ~[hibernate-core-5.6.4.Final.jar:5.6.4.Final]
	at org.springframework.orm.jpa.vendor.SpringHibernateJpaPersistenceProvider.createContainerEntityManagerFactory(SpringHibernateJpaPersistenceProvider.java:58) ~[spring-orm-5.3.15.jar:5.3.15]
	at org.springframework.orm.jpa.LocalContainerEntityManagerFactoryBean.createNativeEntityManagerFactory(LocalContainerEntityManagerFactoryBean.java:365) ~[spring-orm-5.3.15.jar:5.3.15]
	at org.springframework.orm.jpa.AbstractEntityManagerFactoryBean.buildNativeEntityManagerFactory(AbstractEntityManagerFactoryBean.java:409) ~[spring-orm-5.3.15.jar:5.3.15]
	at org.springframework.orm.jpa.AbstractEntityManagerFactoryBean.afterPropertiesSet(AbstractEntityManagerFactoryBean.java:396) ~[spring-orm-5.3.15.jar:5.3.15]
	at org.springframework.orm.jpa.LocalContainerEntityManagerFactoryBean.afterPropertiesSet(LocalContainerEntityManagerFactoryBean.java:341) ~[spring-orm-5.3.15.jar:5.3.15]
	at org.springframework.beans.factory.support.AbstractAutowireCapableBeanFactory.invokeInitMethods(AbstractAutowireCapableBeanFactory.java:1863) ~[spring-beans-5.3.15.jar:5.3.15]
	at org.springframework.beans.factory.support.AbstractAutowireCapableBeanFactory.initializeBean(AbstractAutowireCapableBeanFactory.java:1800) ~[spring-beans-5.3.15.jar:5.3.15]
	at org.springframework.beans.factory.support.AbstractAutowireCapableBeanFactory.doCreateBean(AbstractAutowireCapableBeanFactory.java:620) ~[spring-beans-5.3.15.jar:5.3.15]
	at org.springframework.beans.factory.support.AbstractAutowireCapableBeanFactory.createBean(AbstractAutowireCapableBeanFactory.java:542) ~[spring-beans-5.3.15.jar:5.3.15]
	at org.springframework.beans.factory.support.AbstractBeanFactory.lambda$doGetBean$0(AbstractBeanFactory.java:335) ~[spring-beans-5.3.15.jar:5.3.15]
	at org.springframework.beans.factory.support.DefaultSingletonBeanRegistry.getSingleton(DefaultSingletonBeanRegistry.java:234) ~[spring-beans-5.3.15.jar:5.3.15]
	at org.springframework.beans.factory.support.AbstractBeanFactory.doGetBean(AbstractBeanFactory.java:333) ~[spring-beans-5.3.15.jar:5.3.15]
	at org.springframework.beans.factory.support.AbstractBeanFactory.getBean(AbstractBeanFactory.java:208) ~[spring-beans-5.3.15.jar:5.3.15]
	at org.springframework.context.support.AbstractApplicationContext.getBean(AbstractApplicationContext.java:1154) ~[spring-context-5.3.15.jar:5.3.15]
	at org.springframework.context.support.AbstractApplicationContext.finishBeanFactoryInitialization(AbstractApplicationContext.java:908) ~[spring-context-5.3.15.jar:5.3.15]
	at org.springframework.context.support.AbstractApplicationContext.refresh(AbstractApplicationContext.java:583) ~[spring-context-5.3.15.jar:5.3.15]
	at org.springframework.boot.SpringApplication.refresh(SpringApplication.java:732) ~[spring-boot-2.6.3.jar:2.6.3]
	at org.springframework.boot.SpringApplication.refreshContext(SpringApplication.java:414) ~[spring-boot-2.6.3.jar:2.6.3]
	at org.springframework.boot.SpringApplication.run(SpringApplication.java:302) ~[spring-boot-2.6.3.jar:2.6.3]
	at org.springframework.boot.test.context.SpringBootContextLoader.loadContext(SpringBootContextLoader.java:136) ~[spring-boot-test-2.6.3.jar:2.6.3]
	at org.springframework.test.context.cache.DefaultCacheAwareContextLoaderDelegate.loadContextInternal(DefaultCacheAwareContextLoaderDelegate.java:99) ~[spring-test-5.3.15.jar:5.3.15]
	at org.springframework.test.context.cache.DefaultCacheAwareContextLoaderDelegate.loadContext(DefaultCacheAwareContextLoaderDelegate.java:124) ~[spring-test-5.3.15.jar:5.3.15]
	at org.springframework.test.context.support.DefaultTestContext.getApplicationContext(DefaultTestContext.java:124) ~[spring-test-5.3.15.jar:5.3.15]
	at org.springframework.test.context.web.ServletTestExecutionListener.setUpRequestContextIfNecessary(ServletTestExecutionListener.java:190) ~[spring-test-5.3.15.jar:5.3.15]
	at org.springframework.test.context.web.ServletTestExecutionListener.prepareTestInstance(ServletTestExecutionListener.java:132) ~[spring-test-5.3.15.jar:5.3.15]
	at org.springframework.test.context.TestContextManager.prepareTestInstance(TestContextManager.java:248) ~[spring-test-5.3.15.jar:5.3.15]
	at org.springframework.test.context.junit.jupiter.SpringExtension.postProcessTestInstance(SpringExtension.java:138) ~[spring-test-5.3.15.jar:5.3.15]
	at org.junit.jupiter.engine.descriptor.ClassBasedTestDescriptor.lambda$invokeTestInstancePostProcessors$8(ClassBasedTestDescriptor.java:363) ~[junit-jupiter-engine-5.8.2.jar:5.8.2]
	at org.junit.jupiter.engine.descriptor.ClassBasedTestDescriptor.executeAndMaskThrowable(ClassBasedTestDescriptor.java:368) ~[junit-jupiter-engine-5.8.2.jar:5.8.2]
	at org.junit.jupiter.engine.descriptor.ClassBasedTestDescriptor.lambda$invokeTestInstancePostProcessors$9(ClassBasedTestDescriptor.java:363) ~[junit-jupiter-engine-5.8.2.jar:5.8.2]
	at java.base/java.util.stream.ReferencePipeline$3$1.accept(ReferencePipeline.java:195) ~[na:na]
	at java.base/java.util.stream.ReferencePipeline$2$1.accept(ReferencePipeline.java:177) ~[na:na]
	at java.base/java.util.ArrayList$ArrayListSpliterator.forEachRemaining(ArrayList.java:1655) ~[na:na]
	at java.base/java.util.stream.AbstractPipeline.copyInto(AbstractPipeline.java:484) ~[na:na]
	at java.base/java.util.stream.AbstractPipeline.wrapAndCopyInto(AbstractPipeline.java:474) ~[na:na]
	at java.base/java.util.stream.StreamSpliterators$WrappingSpliterator.forEachRemaining(StreamSpliterators.java:312) ~[na:na]
	at java.base/java.util.stream.Streams$ConcatSpliterator.forEachRemaining(Streams.java:735) ~[na:na]
	at java.base/java.util.stream.Streams$ConcatSpliterator.forEachRemaining(Streams.java:734) ~[na:na]
	at java.base/java.util.stream.ReferencePipeline$Head.forEach(ReferencePipeline.java:658) ~[na:na]
	at org.junit.jupiter.engine.descriptor.ClassBasedTestDescriptor.invokeTestInstancePostProcessors(ClassBasedTestDescriptor.java:362) ~[junit-jupiter-engine-5.8.2.jar:5.8.2]
	at org.junit.jupiter.engine.descriptor.ClassBasedTestDescriptor.lambda$instantiateAndPostProcessTestInstance$6(ClassBasedTestDescriptor.java:283) ~[junit-jupiter-engine-5.8.2.jar:5.8.2]
	at org.junit.platform.engine.support.hierarchical.ThrowableCollector.execute(ThrowableCollector.java:73) ~[junit-platform-engine-1.8.2.jar:1.8.2]
	at org.junit.jupiter.engine.descriptor.ClassBasedTestDescriptor.instantiateAndPostProcessTestInstance(ClassBasedTestDescriptor.java:282) ~[junit-jupiter-engine-5.8.2.jar:5.8.2]
	at org.junit.jupiter.engine.descriptor.ClassBasedTestDescriptor.lambda$testInstancesProvider$4(ClassBasedTestDescriptor.java:272) ~[junit-jupiter-engine-5.8.2.jar:5.8.2]
	at java.base/java.util.Optional.orElseGet(Optional.java:369) ~[na:na]
	at org.junit.jupiter.engine.descriptor.ClassBasedTestDescriptor.lambda$testInstancesProvider$5(ClassBasedTestDescriptor.java:271) ~[junit-jupiter-engine-5.8.2.jar:5.8.2]
	at org.junit.jupiter.engine.execution.TestInstancesProvider.getTestInstances(TestInstancesProvider.java:31) ~[junit-jupiter-engine-5.8.2.jar:5.8.2]
	at org.junit.jupiter.engine.descriptor.TestMethodTestDescriptor.lambda$prepare$0(TestMethodTestDescriptor.java:102) ~[junit-jupiter-engine-5.8.2.jar:5.8.2]
	at org.junit.platform.engine.support.hierarchical.ThrowableCollector.execute(ThrowableCollector.java:73) ~[junit-platform-engine-1.8.2.jar:1.8.2]
	at org.junit.jupiter.engine.descriptor.TestMethodTestDescriptor.prepare(TestMethodTestDescriptor.java:101) ~[junit-jupiter-engine-5.8.2.jar:5.8.2]
	at org.junit.jupiter.engine.descriptor.TestMethodTestDescriptor.prepare(TestMethodTestDescriptor.java:66) ~[junit-jupiter-engine-5.8.2.jar:5.8.2]
	at org.junit.platform.engine.support.hierarchical.NodeTestTask.lambda$prepare$2(NodeTestTask.java:123) ~[junit-platform-engine-1.8.2.jar:1.8.2]
	at org.junit.platform.engine.support.hierarchical.ThrowableCollector.execute(ThrowableCollector.java:73) ~[junit-platform-engine-1.8.2.jar:1.8.2]
	at org.junit.platform.engine.support.hierarchical.NodeTestTask.prepare(NodeTestTask.java:123) ~[junit-platform-engine-1.8.2.jar:1.8.2]
	at org.junit.platform.engine.support.hierarchical.NodeTestTask.execute(NodeTestTask.java:90) ~[junit-platform-engine-1.8.2.jar:1.8.2]
	at java.base/java.util.ArrayList.forEach(ArrayList.java:1541) ~[na:na]
	at org.junit.platform.engine.support.hierarchical.SameThreadHierarchicalTestExecutorService.invokeAll(SameThreadHierarchicalTestExecutorService.java:41) ~[junit-platform-engine-1.8.2.jar:1.8.2]
	at org.junit.platform.engine.support.hierarchical.NodeTestTask.lambda$executeRecursively$6(NodeTestTask.java:155) ~[junit-platform-engine-1.8.2.jar:1.8.2]
	at org.junit.platform.engine.support.hierarchical.ThrowableCollector.execute(ThrowableCollector.java:73) ~[junit-platform-engine-1.8.2.jar:1.8.2]
	at org.junit.platform.engine.support.hierarchical.NodeTestTask.lambda$executeRecursively$8(NodeTestTask.java:141) ~[junit-platform-engine-1.8.2.jar:1.8.2]
	at org.junit.platform.engine.support.hierarchical.Node.around(Node.java:137) ~[junit-platform-engine-1.8.2.jar:1.8.2]
	at org.junit.platform.engine.support.hierarchical.NodeTestTask.lambda$executeRecursively$9(NodeTestTask.java:139) ~[junit-platform-engine-1.8.2.jar:1.8.2]
	at org.junit.platform.engine.support.hierarchical.ThrowableCollector.execute(ThrowableCollector.java:73) ~[junit-platform-engine-1.8.2.jar:1.8.2]
	at org.junit.platform.engine.support.hierarchical.NodeTestTask.executeRecursively(NodeTestTask.java:138) ~[junit-platform-engine-1.8.2.jar:1.8.2]
	at org.junit.platform.engine.support.hierarchical.NodeTestTask.execute(NodeTestTask.java:95) ~[junit-platform-engine-1.8.2.jar:1.8.2]
	at java.base/java.util.ArrayList.forEach(ArrayList.java:1541) ~[na:na]
	at org.junit.platform.engine.support.hierarchical.SameThreadHierarchicalTestExecutorService.invokeAll(SameThreadHierarchicalTestExecutorService.java:41) ~[junit-platform-engine-1.8.2.jar:1.8.2]
	at org.junit.platform.engine.support.hierarchical.NodeTestTask.lambda$executeRecursively$6(NodeTestTask.java:155) ~[junit-platform-engine-1.8.2.jar:1.8.2]
	at org.junit.platform.engine.support.hierarchical.ThrowableCollector.execute(ThrowableCollector.java:73) ~[junit-platform-engine-1.8.2.jar:1.8.2]
	at org.junit.platform.engine.support.hierarchical.NodeTestTask.lambda$executeRecursively$8(NodeTestTask.java:141) ~[junit-platform-engine-1.8.2.jar:1.8.2]
	at org.junit.platform.engine.support.hierarchical.Node.around(Node.java:137) ~[junit-platform-engine-1.8.2.jar:1.8.2]
	at org.junit.platform.engine.support.hierarchical.NodeTestTask.lambda$executeRecursively$9(NodeTestTask.java:139) ~[junit-platform-engine-1.8.2.jar:1.8.2]
	at org.junit.platform.engine.support.hierarchical.ThrowableCollector.execute(ThrowableCollector.java:73) ~[junit-platform-engine-1.8.2.jar:1.8.2]
	at org.junit.platform.engine.support.hierarchical.NodeTestTask.executeRecursively(NodeTestTask.java:138) ~[junit-platform-engine-1.8.2.jar:1.8.2]
	at org.junit.platform.engine.support.hierarchical.NodeTestTask.execute(NodeTestTask.java:95) ~[junit-platform-engine-1.8.2.jar:1.8.2]
	at org.junit.platform.engine.support.hierarchical.SameThreadHierarchicalTestExecutorService.submit(SameThreadHierarchicalTestExecutorService.java:35) ~[junit-platform-engine-1.8.2.jar:1.8.2]
	at org.junit.platform.engine.support.hierarchical.HierarchicalTestExecutor.execute(HierarchicalTestExecutor.java:57) ~[junit-platform-engine-1.8.2.jar:1.8.2]
	at org.junit.platform.engine.support.hierarchical.HierarchicalTestEngine.execute(HierarchicalTestEngine.java:54) ~[junit-platform-engine-1.8.2.jar:1.8.2]
	at org.junit.platform.launcher.core.EngineExecutionOrchestrator.execute(EngineExecutionOrchestrator.java:108) ~[na:na]
	at org.junit.platform.launcher.core.EngineExecutionOrchestrator.execute(EngineExecutionOrchestrator.java:88) ~[na:na]
	at org.junit.platform.launcher.core.EngineExecutionOrchestrator.lambda$execute$0(EngineExecutionOrchestrator.java:54) ~[na:na]
	at org.junit.platform.launcher.core.EngineExecutionOrchestrator.withInterceptedStreams(EngineExecutionOrchestrator.java:67) ~[na:na]
	at org.junit.platform.launcher.core.EngineExecutionOrchestrator.execute(EngineExecutionOrchestrator.java:52) ~[na:na]
	at org.junit.platform.launcher.core.DefaultLauncher.execute(DefaultLauncher.java:96) ~[na:na]
	at org.junit.platform.launcher.core.DefaultLauncher.execute(DefaultLauncher.java:75) ~[na:na]
	at org.gradle.api.internal.tasks.testing.junitplatform.JUnitPlatformTestClassProcessor$CollectAllTestClassesExecutor.processAllTestClasses(JUnitPlatformTestClassProcessor.java:99) ~[na:na]
	at org.gradle.api.internal.tasks.testing.junitplatform.JUnitPlatformTestClassProcessor$CollectAllTestClassesExecutor.access$000(JUnitPlatformTestClassProcessor.java:79) ~[na:na]
	at org.gradle.api.internal.tasks.testing.junitplatform.JUnitPlatformTestClassProcessor.stop(JUnitPlatformTestClassProcessor.java:75) ~[na:na]
	at org.gradle.api.internal.tasks.testing.SuiteTestClassProcessor.stop(SuiteTestClassProcessor.java:61) ~[na:na]
	at java.base/jdk.internal.reflect.NativeMethodAccessorImpl.invoke0(Native Method) ~[na:na]
	at java.base/jdk.internal.reflect.NativeMethodAccessorImpl.invoke(NativeMethodAccessorImpl.java:62) ~[na:na]
	at java.base/jdk.internal.reflect.DelegatingMethodAccessorImpl.invoke(DelegatingMethodAccessorImpl.java:43) ~[na:na]
	at java.base/java.lang.reflect.Method.invoke(Method.java:566) ~[na:na]
	at org.gradle.internal.dispatch.ReflectionDispatch.dispatch(ReflectionDispatch.java:36) ~[na:na]
	at org.gradle.internal.dispatch.ReflectionDispatch.dispatch(ReflectionDispatch.java:24) ~[na:na]
	at org.gradle.internal.dispatch.ContextClassLoaderDispatch.dispatch(ContextClassLoaderDispatch.java:33) ~[na:na]
	at org.gradle.internal.dispatch.ProxyDispatchAdapter$DispatchingInvocationHandler.invoke(ProxyDispatchAdapter.java:94) ~[na:na]
	at com.sun.proxy.$Proxy2.stop(Unknown Source) ~[na:na]
	at org.gradle.api.internal.tasks.testing.worker.TestWorker$3.run(TestWorker.java:193) ~[na:na]
	at org.gradle.api.internal.tasks.testing.worker.TestWorker.executeAndMaintainThreadName(TestWorker.java:129) ~[na:na]
	at org.gradle.api.internal.tasks.testing.worker.TestWorker.execute(TestWorker.java:100) ~[na:na]
	at org.gradle.api.internal.tasks.testing.worker.TestWorker.execute(TestWorker.java:60) ~[na:na]
	at org.gradle.process.internal.worker.child.ActionExecutionWorker.execute(ActionExecutionWorker.java:56) ~[na:na]
	at org.gradle.process.internal.worker.child.SystemApplicationClassLoaderWorker.call(SystemApplicationClassLoaderWorker.java:133) ~[na:na]
	at org.gradle.process.internal.worker.child.SystemApplicationClassLoaderWorker.call(SystemApplicationClassLoaderWorker.java:71) ~[na:na]
	at worker.org.gradle.process.internal.worker.GradleWorkerMain.run(GradleWorkerMain.java:69) ~[gradle-worker.jar:na]
	at worker.org.gradle.process.internal.worker.GradleWorkerMain.main(GradleWorkerMain.java:74) ~[gradle-worker.jar:na]
Caused by: java.sql.SQLSyntaxErrorException: Incorrect column specifier for column 'user_id'
	at com.mysql.cj.jdbc.exceptions.SQLError.createSQLException(SQLError.java:120) ~[mysql-connector-java-8.0.28.jar:8.0.28]
	at com.mysql.cj.jdbc.exceptions.SQLExceptionsMapping.translateException(SQLExceptionsMapping.java:122) ~[mysql-connector-java-8.0.28.jar:8.0.28]
	at com.mysql.cj.jdbc.StatementImpl.executeInternal(StatementImpl.java:763) ~[mysql-connector-java-8.0.28.jar:8.0.28]
	at com.mysql.cj.jdbc.StatementImpl.execute(StatementImpl.java:648) ~[mysql-connector-java-8.0.28.jar:8.0.28]
	at com.zaxxer.hikari.pool.ProxyStatement.execute(ProxyStatement.java:94) ~[HikariCP-4.0.3.jar:na]
	at com.zaxxer.hikari.pool.HikariProxyStatement.execute(HikariProxyStatement.java) ~[HikariCP-4.0.3.jar:na]
	at org.hibernate.tool.schema.internal.exec.GenerationTargetToDatabase.accept(GenerationTargetToDatabase.java:54) ~[hibernate-core-5.6.4.Final.jar:5.6.4.Final]
	... 118 common frames omitted

2022-02-10 22:48:48.813  INFO 2352 --- [    Test worker] o.h.e.t.j.p.i.JtaPlatformInitiator       : HHH000490: Using JtaPlatform implementation: [org.hibernate.engine.transaction.jta.platform.internal.NoJtaPlatform]
2022-02-10 22:48:48.844  INFO 2352 --- [    Test worker] j.LocalContainerEntityManagerFactoryBean : Initialized JPA EntityManagerFactory for persistence unit 'default'
2022-02-10 22:48:49.250  WARN 2352 --- [    Test worker] JpaBaseConfiguration$JpaWebConfiguration : spring.jpa.open-in-view is enabled by default. Therefore, database queries may be performed during view rendering. Explicitly configure spring.jpa.open-in-view to disable this warning
2022-02-10 22:48:50.718  INFO 2352 --- [    Test worker] c.c.z.repository.NoticeRepositoryTests   : Started NoticeRepositoryTests in 6.915 seconds (JVM running for 8.838)
Hibernate: 
    select
        notice0_.notice_id as notice_i1_0_0_,
        notice0_.notice_kinds_id as notice_k2_0_0_,
        notice0_.notice_status as notice_s3_0_0_ 
    from
        notice notice0_ 
    where
        notice0_.notice_id=?
Hibernate: 
    insert 
    into
        notice
        (notice_kinds_id, notice_status) 
    values
        (?, ?)
Hibernate: 
    select
        notice0_.notice_id as notice_i1_0_0_,
        notice0_.notice_kinds_id as notice_k2_0_0_,
        notice0_.notice_status as notice_s3_0_0_ 
    from
        notice notice0_ 
    where
        notice0_.notice_id=?
Hibernate: 
    insert 
    into
        notice
        (notice_kinds_id, notice_status) 
    values
        (?, ?)
Hibernate: 
    select
        notice0_.notice_id as notice_i1_0_0_,
        notice0_.notice_kinds_id as notice_k2_0_0_,
        notice0_.notice_status as notice_s3_0_0_ 
    from
        notice notice0_ 
    where
        notice0_.notice_id=?
Hibernate: 
    insert 
    into
        notice
        (notice_kinds_id, notice_status) 
    values
        (?, ?)
Hibernate: 
    select
        notice0_.notice_id as notice_i1_0_0_,
        notice0_.notice_kinds_id as notice_k2_0_0_,
        notice0_.notice_status as notice_s3_0_0_ 
    from
        notice notice0_ 
    where
        notice0_.notice_id=?
Hibernate: 
    insert 
    into
        notice
        (notice_kinds_id, notice_status) 
    values
        (?, ?)
Hibernate: 
    select
        notice0_.notice_id as notice_i1_0_0_,
        notice0_.notice_kinds_id as notice_k2_0_0_,
        notice0_.notice_status as notice_s3_0_0_ 
    from
        notice notice0_ 
    where
        notice0_.notice_id=?
Hibernate: 
    insert 
    into
        notice
        (notice_kinds_id, notice_status) 
    values
        (?, ?)
Hibernate: 
    select
        notice0_.notice_id as notice_i1_0_0_,
        notice0_.notice_kinds_id as notice_k2_0_0_,
        notice0_.notice_status as notice_s3_0_0_ 
    from
        notice notice0_ 
    where
        notice0_.notice_id=?
Hibernate: 
    insert 
    into
        notice
        (notice_kinds_id, notice_status) 
    values
        (?, ?)
Hibernate: 
    select
        notice0_.notice_id as notice_i1_0_0_,
        notice0_.notice_kinds_id as notice_k2_0_0_,
        notice0_.notice_status as notice_s3_0_0_ 
    from
        notice notice0_ 
    where
        notice0_.notice_id=?
Hibernate: 
    insert 
    into
        notice
        (notice_kinds_id, notice_status) 
    values
        (?, ?)
Hibernate: 
    select
        notice0_.notice_id as notice_i1_0_0_,
        notice0_.notice_kinds_id as notice_k2_0_0_,
        notice0_.notice_status as notice_s3_0_0_ 
    from
        notice notice0_ 
    where
        notice0_.notice_id=?
Hibernate: 
    insert 
    into
        notice
        (notice_kinds_id, notice_status) 
    values
        (?, ?)
Hibernate: 
    select
        notice0_.notice_id as notice_i1_0_0_,
        notice0_.notice_kinds_id as notice_k2_0_0_,
        notice0_.notice_status as notice_s3_0_0_ 
    from
        notice notice0_ 
    where
        notice0_.notice_id=?
Hibernate: 
    insert 
    into
        notice
        (notice_kinds_id, notice_status) 
    values
        (?, ?)
Hibernate: 
    select
        notice0_.notice_id as notice_i1_0_0_,
        notice0_.notice_kinds_id as notice_k2_0_0_,
        notice0_.notice_status as notice_s3_0_0_ 
    from
        notice notice0_ 
    where
        notice0_.notice_id=?
Hibernate: 
    insert 
    into
        notice
        (notice_kinds_id, notice_status) 
    values
        (?, ?)
Hibernate: 
    select
        notice0_.notice_id as notice_i1_0_0_,
        notice0_.notice_kinds_id as notice_k2_0_0_,
        notice0_.notice_status as notice_s3_0_0_ 
    from
        notice notice0_ 
    where
        notice0_.notice_id=?
Hibernate: 
    insert 
    into
        notice
        (notice_kinds_id, notice_status) 
    values
        (?, ?)
Hibernate: 
    select
        notice0_.notice_id as notice_i1_0_0_,
        notice0_.notice_kinds_id as notice_k2_0_0_,
        notice0_.notice_status as notice_s3_0_0_ 
    from
        notice notice0_ 
    where
        notice0_.notice_id=?
Hibernate: 
    insert 
    into
        notice
        (notice_kinds_id, notice_status) 
    values
        (?, ?)
Hibernate: 
    select
        notice0_.notice_id as notice_i1_0_0_,
        notice0_.notice_kinds_id as notice_k2_0_0_,
        notice0_.notice_status as notice_s3_0_0_ 
    from
        notice notice0_ 
    where
        notice0_.notice_id=?
Hibernate: 
    insert 
    into
        notice
        (notice_kinds_id, notice_status) 
    values
        (?, ?)
Hibernate: 
    select
        notice0_.notice_id as notice_i1_0_0_,
        notice0_.notice_kinds_id as notice_k2_0_0_,
        notice0_.notice_status as notice_s3_0_0_ 
    from
        notice notice0_ 
    where
        notice0_.notice_id=?
Hibernate: 
    insert 
    into
        notice
        (notice_kinds_id, notice_status) 
    values
        (?, ?)
Hibernate: 
    select
        notice0_.notice_id as notice_i1_0_0_,
        notice0_.notice_kinds_id as notice_k2_0_0_,
        notice0_.notice_status as notice_s3_0_0_ 
    from
        notice notice0_ 
    where
        notice0_.notice_id=?
Hibernate: 
    insert 
    into
        notice
        (notice_kinds_id, notice_status) 
    values
        (?, ?)
Hibernate: 
    select
        notice0_.notice_id as notice_i1_0_0_,
        notice0_.notice_kinds_id as notice_k2_0_0_,
        notice0_.notice_status as notice_s3_0_0_ 
    from
        notice notice0_ 
    where
        notice0_.notice_id=?
Hibernate: 
    insert 
    into
        notice
        (notice_kinds_id, notice_status) 
    values
        (?, ?)
Hibernate: 
    select
        notice0_.notice_id as notice_i1_0_0_,
        notice0_.notice_kinds_id as notice_k2_0_0_,
        notice0_.notice_status as notice_s3_0_0_ 
    from
        notice notice0_ 
    where
        notice0_.notice_id=?
Hibernate: 
    insert 
    into
        notice
        (notice_kinds_id, notice_status) 
    values
        (?, ?)
Hibernate: 
    select
        notice0_.notice_id as notice_i1_0_0_,
        notice0_.notice_kinds_id as notice_k2_0_0_,
        notice0_.notice_status as notice_s3_0_0_ 
    from
        notice notice0_ 
    where
        notice0_.notice_id=?
Hibernate: 
    insert 
    into
        notice
        (notice_kinds_id, notice_status) 
    values
        (?, ?)
Hibernate: 
    select
        notice0_.notice_id as notice_i1_0_0_,
        notice0_.notice_kinds_id as notice_k2_0_0_,
        notice0_.notice_status as notice_s3_0_0_ 
    from
        notice notice0_ 
    where
        notice0_.notice_id=?
Hibernate: 
    insert 
    into
        notice
        (notice_kinds_id, notice_status) 
    values
        (?, ?)
Hibernate: 
    select
        notice0_.notice_id as notice_i1_0_0_,
        notice0_.notice_kinds_id as notice_k2_0_0_,
        notice0_.notice_status as notice_s3_0_0_ 
    from
        notice notice0_ 
    where
        notice0_.notice_id=?
Hibernate: 
    insert 
    into
        notice
        (notice_kinds_id, notice_status) 
    values
        (?, ?)
Hibernate: 
    select
        notice0_.notice_id as notice_i1_0_0_,
        notice0_.notice_kinds_id as notice_k2_0_0_,
        notice0_.notice_status as notice_s3_0_0_ 
    from
        notice notice0_ 
    where
        notice0_.notice_id=?
Hibernate: 
    insert 
    into
        notice
        (notice_kinds_id, notice_status) 
    values
        (?, ?)
Hibernate: 
    select
        notice0_.notice_id as notice_i1_0_0_,
        notice0_.notice_kinds_id as notice_k2_0_0_,
        notice0_.notice_status as notice_s3_0_0_ 
    from
        notice notice0_ 
    where
        notice0_.notice_id=?
Hibernate: 
    insert 
    into
        notice
        (notice_kinds_id, notice_status) 
    values
        (?, ?)
Hibernate: 
    select
        notice0_.notice_id as notice_i1_0_0_,
        notice0_.notice_kinds_id as notice_k2_0_0_,
        notice0_.notice_status as notice_s3_0_0_ 
    from
        notice notice0_ 
    where
        notice0_.notice_id=?
Hibernate: 
    insert 
    into
        notice
        (notice_kinds_id, notice_status) 
    values
        (?, ?)
Hibernate: 
    select
        notice0_.notice_id as notice_i1_0_0_,
        notice0_.notice_kinds_id as notice_k2_0_0_,
        notice0_.notice_status as notice_s3_0_0_ 
    from
        notice notice0_ 
    where
        notice0_.notice_id=?
Hibernate: 
    insert 
    into
        notice
        (notice_kinds_id, notice_status) 
    values
        (?, ?)
Hibernate: 
    select
        notice0_.notice_id as notice_i1_0_0_,
        notice0_.notice_kinds_id as notice_k2_0_0_,
        notice0_.notice_status as notice_s3_0_0_ 
    from
        notice notice0_ 
    where
        notice0_.notice_id=?
Hibernate: 
    insert 
    into
        notice
        (notice_kinds_id, notice_status) 
    values
        (?, ?)
Hibernate: 
    select
        notice0_.notice_id as notice_i1_0_0_,
        notice0_.notice_kinds_id as notice_k2_0_0_,
        notice0_.notice_status as notice_s3_0_0_ 
    from
        notice notice0_ 
    where
        notice0_.notice_id=?
Hibernate: 
    insert 
    into
        notice
        (notice_kinds_id, notice_status) 
    values
        (?, ?)
Hibernate: 
    select
        notice0_.notice_id as notice_i1_0_0_,
        notice0_.notice_kinds_id as notice_k2_0_0_,
        notice0_.notice_status as notice_s3_0_0_ 
    from
        notice notice0_ 
    where
        notice0_.notice_id=?
Hibernate: 
    insert 
    into
        notice
        (notice_kinds_id, notice_status) 
    values
        (?, ?)
Hibernate: 
    select
        notice0_.notice_id as notice_i1_0_0_,
        notice0_.notice_kinds_id as notice_k2_0_0_,
        notice0_.notice_status as notice_s3_0_0_ 
    from
        notice notice0_ 
    where
        notice0_.notice_id=?
Hibernate: 
    insert 
    into
        notice
        (notice_kinds_id, notice_status) 
    values
        (?, ?)
Hibernate: 
    select
        notice0_.notice_id as notice_i1_0_0_,
        notice0_.notice_kinds_id as notice_k2_0_0_,
        notice0_.notice_status as notice_s3_0_0_ 
    from
        notice notice0_ 
    where
        notice0_.notice_id=?
Hibernate: 
    insert 
    into
        notice
        (notice_kinds_id, notice_status) 
    values
        (?, ?)
Hibernate: 
    select
        notice0_.notice_id as notice_i1_0_0_,
        notice0_.notice_kinds_id as notice_k2_0_0_,
        notice0_.notice_status as notice_s3_0_0_ 
    from
        notice notice0_ 
    where
        notice0_.notice_id=?
Hibernate: 
    insert 
    into
        notice
        (notice_kinds_id, notice_status) 
    values
        (?, ?)
Hibernate: 
    select
        notice0_.notice_id as notice_i1_0_0_,
        notice0_.notice_kinds_id as notice_k2_0_0_,
        notice0_.notice_status as notice_s3_0_0_ 
    from
        notice notice0_ 
    where
        notice0_.notice_id=?
Hibernate: 
    insert 
    into
        notice
        (notice_kinds_id, notice_status) 
    values
        (?, ?)
Hibernate: 
    select
        notice0_.notice_id as notice_i1_0_0_,
        notice0_.notice_kinds_id as notice_k2_0_0_,
        notice0_.notice_status as notice_s3_0_0_ 
    from
        notice notice0_ 
    where
        notice0_.notice_id=?
Hibernate: 
    insert 
    into
        notice
        (notice_kinds_id, notice_status) 
    values
        (?, ?)
Hibernate: 
    select
        notice0_.notice_id as notice_i1_0_0_,
        notice0_.notice_kinds_id as notice_k2_0_0_,
        notice0_.notice_status as notice_s3_0_0_ 
    from
        notice notice0_ 
    where
        notice0_.notice_id=?
Hibernate: 
    insert 
    into
        notice
        (notice_kinds_id, notice_status) 
    values
        (?, ?)
Hibernate: 
    select
        notice0_.notice_id as notice_i1_0_0_,
        notice0_.notice_kinds_id as notice_k2_0_0_,
        notice0_.notice_status as notice_s3_0_0_ 
    from
        notice notice0_ 
    where
        notice0_.notice_id=?
Hibernate: 
    insert 
    into
        notice
        (notice_kinds_id, notice_status) 
    values
        (?, ?)
Hibernate: 
    select
        notice0_.notice_id as notice_i1_0_0_,
        notice0_.notice_kinds_id as notice_k2_0_0_,
        notice0_.notice_status as notice_s3_0_0_ 
    from
        notice notice0_ 
    where
        notice0_.notice_id=?
Hibernate: 
    insert 
    into
        notice
        (notice_kinds_id, notice_status) 
    values
        (?, ?)
Hibernate: 
    select
        notice0_.notice_id as notice_i1_0_0_,
        notice0_.notice_kinds_id as notice_k2_0_0_,
        notice0_.notice_status as notice_s3_0_0_ 
    from
        notice notice0_ 
    where
        notice0_.notice_id=?
Hibernate: 
    insert 
    into
        notice
        (notice_kinds_id, notice_status) 
    values
        (?, ?)
Hibernate: 
    select
        notice0_.notice_id as notice_i1_0_0_,
        notice0_.notice_kinds_id as notice_k2_0_0_,
        notice0_.notice_status as notice_s3_0_0_ 
    from
        notice notice0_ 
    where
        notice0_.notice_id=?
Hibernate: 
    insert 
    into
        notice
        (notice_kinds_id, notice_status) 
    values
        (?, ?)
Hibernate: 
    select
        notice0_.notice_id as notice_i1_0_0_,
        notice0_.notice_kinds_id as notice_k2_0_0_,
        notice0_.notice_status as notice_s3_0_0_ 
    from
        notice notice0_ 
    where
        notice0_.notice_id=?
Hibernate: 
    insert 
    into
        notice
        (notice_kinds_id, notice_status) 
    values
        (?, ?)
Hibernate: 
    select
        notice0_.notice_id as notice_i1_0_0_,
        notice0_.notice_kinds_id as notice_k2_0_0_,
        notice0_.notice_status as notice_s3_0_0_ 
    from
        notice notice0_ 
    where
        notice0_.notice_id=?
Hibernate: 
    insert 
    into
        notice
        (notice_kinds_id, notice_status) 
    values
        (?, ?)
Hibernate: 
    select
        notice0_.notice_id as notice_i1_0_0_,
        notice0_.notice_kinds_id as notice_k2_0_0_,
        notice0_.notice_status as notice_s3_0_0_ 
    from
        notice notice0_ 
    where
        notice0_.notice_id=?
Hibernate: 
    insert 
    into
        notice
        (notice_kinds_id, notice_status) 
    values
        (?, ?)
Hibernate: 
    select
        notice0_.notice_id as notice_i1_0_0_,
        notice0_.notice_kinds_id as notice_k2_0_0_,
        notice0_.notice_status as notice_s3_0_0_ 
    from
        notice notice0_ 
    where
        notice0_.notice_id=?
Hibernate: 
    insert 
    into
        notice
        (notice_kinds_id, notice_status) 
    values
        (?, ?)
Hibernate: 
    select
        notice0_.notice_id as notice_i1_0_0_,
        notice0_.notice_kinds_id as notice_k2_0_0_,
        notice0_.notice_status as notice_s3_0_0_ 
    from
        notice notice0_ 
    where
        notice0_.notice_id=?
Hibernate: 
    insert 
    into
        notice
        (notice_kinds_id, notice_status) 
    values
        (?, ?)
Hibernate: 
    select
        notice0_.notice_id as notice_i1_0_0_,
        notice0_.notice_kinds_id as notice_k2_0_0_,
        notice0_.notice_status as notice_s3_0_0_ 
    from
        notice notice0_ 
    where
        notice0_.notice_id=?
Hibernate: 
    insert 
    into
        notice
        (notice_kinds_id, notice_status) 
    values
        (?, ?)
Hibernate: 
    select
        notice0_.notice_id as notice_i1_0_0_,
        notice0_.notice_kinds_id as notice_k2_0_0_,
        notice0_.notice_status as notice_s3_0_0_ 
    from
        notice notice0_ 
    where
        notice0_.notice_id=?
Hibernate: 
    insert 
    into
        notice
        (notice_kinds_id, notice_status) 
    values
        (?, ?)
Hibernate: 
    select
        notice0_.notice_id as notice_i1_0_0_,
        notice0_.notice_kinds_id as notice_k2_0_0_,
        notice0_.notice_status as notice_s3_0_0_ 
    from
        notice notice0_ 
    where
        notice0_.notice_id=?
Hibernate: 
    insert 
    into
        notice
        (notice_kinds_id, notice_status) 
    values
        (?, ?)
Hibernate: 
    select
        notice0_.notice_id as notice_i1_0_0_,
        notice0_.notice_kinds_id as notice_k2_0_0_,
        notice0_.notice_status as notice_s3_0_0_ 
    from
        notice notice0_ 
    where
        notice0_.notice_id=?
Hibernate: 
    insert 
    into
        notice
        (notice_kinds_id, notice_status) 
    values
        (?, ?)
Hibernate: 
    select
        notice0_.notice_id as notice_i1_0_0_,
        notice0_.notice_kinds_id as notice_k2_0_0_,
        notice0_.notice_status as notice_s3_0_0_ 
    from
        notice notice0_ 
    where
        notice0_.notice_id=?
Hibernate: 
    insert 
    into
        notice
        (notice_kinds_id, notice_status) 
    values
        (?, ?)
Hibernate: 
    select
        notice0_.notice_id as notice_i1_0_0_,
        notice0_.notice_kinds_id as notice_k2_0_0_,
        notice0_.notice_status as notice_s3_0_0_ 
    from
        notice notice0_ 
    where
        notice0_.notice_id=?
Hibernate: 
    insert 
    into
        notice
        (notice_kinds_id, notice_status) 
    values
        (?, ?)
Hibernate: 
    select
        notice0_.notice_id as notice_i1_0_0_,
        notice0_.notice_kinds_id as notice_k2_0_0_,
        notice0_.notice_status as notice_s3_0_0_ 
    from
        notice notice0_ 
    where
        notice0_.notice_id=?
Hibernate: 
    insert 
    into
        notice
        (notice_kinds_id, notice_status) 
    values
        (?, ?)
Hibernate: 
    select
        notice0_.notice_id as notice_i1_0_0_,
        notice0_.notice_kinds_id as notice_k2_0_0_,
        notice0_.notice_status as notice_s3_0_0_ 
    from
        notice notice0_ 
    where
        notice0_.notice_id=?
Hibernate: 
    insert 
    into
        notice
        (notice_kinds_id, notice_status) 
    values
        (?, ?)
Hibernate: 
    select
        notice0_.notice_id as notice_i1_0_0_,
        notice0_.notice_kinds_id as notice_k2_0_0_,
        notice0_.notice_status as notice_s3_0_0_ 
    from
        notice notice0_ 
    where
        notice0_.notice_id=?
Hibernate: 
    insert 
    into
        notice
        (notice_kinds_id, notice_status) 
    values
        (?, ?)
Hibernate: 
    select
        notice0_.notice_id as notice_i1_0_0_,
        notice0_.notice_kinds_id as notice_k2_0_0_,
        notice0_.notice_status as notice_s3_0_0_ 
    from
        notice notice0_ 
    where
        notice0_.notice_id=?
Hibernate: 
    insert 
    into
        notice
        (notice_kinds_id, notice_status) 
    values
        (?, ?)
Hibernate: 
    select
        notice0_.notice_id as notice_i1_0_0_,
        notice0_.notice_kinds_id as notice_k2_0_0_,
        notice0_.notice_status as notice_s3_0_0_ 
    from
        notice notice0_ 
    where
        notice0_.notice_id=?
Hibernate: 
    insert 
    into
        notice
        (notice_kinds_id, notice_status) 
    values
        (?, ?)
Hibernate: 
    select
        notice0_.notice_id as notice_i1_0_0_,
        notice0_.notice_kinds_id as notice_k2_0_0_,
        notice0_.notice_status as notice_s3_0_0_ 
    from
        notice notice0_ 
    where
        notice0_.notice_id=?
Hibernate: 
    insert 
    into
        notice
        (notice_kinds_id, notice_status) 
    values
        (?, ?)
Hibernate: 
    select
        notice0_.notice_id as notice_i1_0_0_,
        notice0_.notice_kinds_id as notice_k2_0_0_,
        notice0_.notice_status as notice_s3_0_0_ 
    from
        notice notice0_ 
    where
        notice0_.notice_id=?
Hibernate: 
    insert 
    into
        notice
        (notice_kinds_id, notice_status) 
    values
        (?, ?)
Hibernate: 
    select
        notice0_.notice_id as notice_i1_0_0_,
        notice0_.notice_kinds_id as notice_k2_0_0_,
        notice0_.notice_status as notice_s3_0_0_ 
    from
        notice notice0_ 
    where
        notice0_.notice_id=?
Hibernate: 
    insert 
    into
        notice
        (notice_kinds_id, notice_status) 
    values
        (?, ?)
Hibernate: 
    select
        notice0_.notice_id as notice_i1_0_0_,
        notice0_.notice_kinds_id as notice_k2_0_0_,
        notice0_.notice_status as notice_s3_0_0_ 
    from
        notice notice0_ 
    where
        notice0_.notice_id=?
Hibernate: 
    insert 
    into
        notice
        (notice_kinds_id, notice_status) 
    values
        (?, ?)
Hibernate: 
    select
        notice0_.notice_id as notice_i1_0_0_,
        notice0_.notice_kinds_id as notice_k2_0_0_,
        notice0_.notice_status as notice_s3_0_0_ 
    from
        notice notice0_ 
    where
        notice0_.notice_id=?
Hibernate: 
    insert 
    into
        notice
        (notice_kinds_id, notice_status) 
    values
        (?, ?)
Hibernate: 
    select
        notice0_.notice_id as notice_i1_0_0_,
        notice0_.notice_kinds_id as notice_k2_0_0_,
        notice0_.notice_status as notice_s3_0_0_ 
    from
        notice notice0_ 
    where
        notice0_.notice_id=?
Hibernate: 
    insert 
    into
        notice
        (notice_kinds_id, notice_status) 
    values
        (?, ?)
Hibernate: 
    select
        notice0_.notice_id as notice_i1_0_0_,
        notice0_.notice_kinds_id as notice_k2_0_0_,
        notice0_.notice_status as notice_s3_0_0_ 
    from
        notice notice0_ 
    where
        notice0_.notice_id=?
Hibernate: 
    insert 
    into
        notice
        (notice_kinds_id, notice_status) 
    values
        (?, ?)
Hibernate: 
    select
        notice0_.notice_id as notice_i1_0_0_,
        notice0_.notice_kinds_id as notice_k2_0_0_,
        notice0_.notice_status as notice_s3_0_0_ 
    from
        notice notice0_ 
    where
        notice0_.notice_id=?
Hibernate: 
    insert 
    into
        notice
        (notice_kinds_id, notice_status) 
    values
        (?, ?)
Hibernate: 
    select
        notice0_.notice_id as notice_i1_0_0_,
        notice0_.notice_kinds_id as notice_k2_0_0_,
        notice0_.notice_status as notice_s3_0_0_ 
    from
        notice notice0_ 
    where
        notice0_.notice_id=?
Hibernate: 
    insert 
    into
        notice
        (notice_kinds_id, notice_status) 
    values
        (?, ?)
Hibernate: 
    select
        notice0_.notice_id as notice_i1_0_0_,
        notice0_.notice_kinds_id as notice_k2_0_0_,
        notice0_.notice_status as notice_s3_0_0_ 
    from
        notice notice0_ 
    where
        notice0_.notice_id=?
Hibernate: 
    insert 
    into
        notice
        (notice_kinds_id, notice_status) 
    values
        (?, ?)
Hibernate: 
    select
        notice0_.notice_id as notice_i1_0_0_,
        notice0_.notice_kinds_id as notice_k2_0_0_,
        notice0_.notice_status as notice_s3_0_0_ 
    from
        notice notice0_ 
    where
        notice0_.notice_id=?
Hibernate: 
    insert 
    into
        notice
        (notice_kinds_id, notice_status) 
    values
        (?, ?)
Hibernate: 
    select
        notice0_.notice_id as notice_i1_0_0_,
        notice0_.notice_kinds_id as notice_k2_0_0_,
        notice0_.notice_status as notice_s3_0_0_ 
    from
        notice notice0_ 
    where
        notice0_.notice_id=?
Hibernate: 
    insert 
    into
        notice
        (notice_kinds_id, notice_status) 
    values
        (?, ?)
Hibernate: 
    select
        notice0_.notice_id as notice_i1_0_0_,
        notice0_.notice_kinds_id as notice_k2_0_0_,
        notice0_.notice_status as notice_s3_0_0_ 
    from
        notice notice0_ 
    where
        notice0_.notice_id=?
Hibernate: 
    insert 
    into
        notice
        (notice_kinds_id, notice_status) 
    values
        (?, ?)
Hibernate: 
    select
        notice0_.notice_id as notice_i1_0_0_,
        notice0_.notice_kinds_id as notice_k2_0_0_,
        notice0_.notice_status as notice_s3_0_0_ 
    from
        notice notice0_ 
    where
        notice0_.notice_id=?
Hibernate: 
    insert 
    into
        notice
        (notice_kinds_id, notice_status) 
    values
        (?, ?)
Hibernate: 
    select
        notice0_.notice_id as notice_i1_0_0_,
        notice0_.notice_kinds_id as notice_k2_0_0_,
        notice0_.notice_status as notice_s3_0_0_ 
    from
        notice notice0_ 
    where
        notice0_.notice_id=?
Hibernate: 
    insert 
    into
        notice
        (notice_kinds_id, notice_status) 
    values
        (?, ?)
Hibernate: 
    select
        notice0_.notice_id as notice_i1_0_0_,
        notice0_.notice_kinds_id as notice_k2_0_0_,
        notice0_.notice_status as notice_s3_0_0_ 
    from
        notice notice0_ 
    where
        notice0_.notice_id=?
Hibernate: 
    insert 
    into
        notice
        (notice_kinds_id, notice_status) 
    values
        (?, ?)
Hibernate: 
    select
        notice0_.notice_id as notice_i1_0_0_,
        notice0_.notice_kinds_id as notice_k2_0_0_,
        notice0_.notice_status as notice_s3_0_0_ 
    from
        notice notice0_ 
    where
        notice0_.notice_id=?
Hibernate: 
    insert 
    into
        notice
        (notice_kinds_id, notice_status) 
    values
        (?, ?)
Hibernate: 
    select
        notice0_.notice_id as notice_i1_0_0_,
        notice0_.notice_kinds_id as notice_k2_0_0_,
        notice0_.notice_status as notice_s3_0_0_ 
    from
        notice notice0_ 
    where
        notice0_.notice_id=?
Hibernate: 
    insert 
    into
        notice
        (notice_kinds_id, notice_status) 
    values
        (?, ?)
Hibernate: 
    select
        notice0_.notice_id as notice_i1_0_0_,
        notice0_.notice_kinds_id as notice_k2_0_0_,
        notice0_.notice_status as notice_s3_0_0_ 
    from
        notice notice0_ 
    where
        notice0_.notice_id=?
Hibernate: 
    insert 
    into
        notice
        (notice_kinds_id, notice_status) 
    values
        (?, ?)
Hibernate: 
    select
        notice0_.notice_id as notice_i1_0_0_,
        notice0_.notice_kinds_id as notice_k2_0_0_,
        notice0_.notice_status as notice_s3_0_0_ 
    from
        notice notice0_ 
    where
        notice0_.notice_id=?
Hibernate: 
    insert 
    into
        notice
        (notice_kinds_id, notice_status) 
    values
        (?, ?)
Hibernate: 
    select
        notice0_.notice_id as notice_i1_0_0_,
        notice0_.notice_kinds_id as notice_k2_0_0_,
        notice0_.notice_status as notice_s3_0_0_ 
    from
        notice notice0_ 
    where
        notice0_.notice_id=?
Hibernate: 
    insert 
    into
        notice
        (notice_kinds_id, notice_status) 
    values
        (?, ?)
Hibernate: 
    select
        notice0_.notice_id as notice_i1_0_0_,
        notice0_.notice_kinds_id as notice_k2_0_0_,
        notice0_.notice_status as notice_s3_0_0_ 
    from
        notice notice0_ 
    where
        notice0_.notice_id=?
Hibernate: 
    insert 
    into
        notice
        (notice_kinds_id, notice_status) 
    values
        (?, ?)
Hibernate: 
    select
        notice0_.notice_id as notice_i1_0_0_,
        notice0_.notice_kinds_id as notice_k2_0_0_,
        notice0_.notice_status as notice_s3_0_0_ 
    from
        notice notice0_ 
    where
        notice0_.notice_id=?
Hibernate: 
    insert 
    into
        notice
        (notice_kinds_id, notice_status) 
    values
        (?, ?)
Hibernate: 
    select
        notice0_.notice_id as notice_i1_0_0_,
        notice0_.notice_kinds_id as notice_k2_0_0_,
        notice0_.notice_status as notice_s3_0_0_ 
    from
        notice notice0_ 
    where
        notice0_.notice_id=?
Hibernate: 
    insert 
    into
        notice
        (notice_kinds_id, notice_status) 
    values
        (?, ?)
Hibernate: 
    select
        notice0_.notice_id as notice_i1_0_0_,
        notice0_.notice_kinds_id as notice_k2_0_0_,
        notice0_.notice_status as notice_s3_0_0_ 
    from
        notice notice0_ 
    where
        notice0_.notice_id=?
Hibernate: 
    insert 
    into
        notice
        (notice_kinds_id, notice_status) 
    values
        (?, ?)
Hibernate: 
    select
        notice0_.notice_id as notice_i1_0_0_,
        notice0_.notice_kinds_id as notice_k2_0_0_,
        notice0_.notice_status as notice_s3_0_0_ 
    from
        notice notice0_ 
    where
        notice0_.notice_id=?
Hibernate: 
    insert 
    into
        notice
        (notice_kinds_id, notice_status) 
    values
        (?, ?)
Hibernate: 
    select
        notice0_.notice_id as notice_i1_0_0_,
        notice0_.notice_kinds_id as notice_k2_0_0_,
        notice0_.notice_status as notice_s3_0_0_ 
    from
        notice notice0_ 
    where
        notice0_.notice_id=?
Hibernate: 
    insert 
    into
        notice
        (notice_kinds_id, notice_status) 
    values
        (?, ?)
Hibernate: 
    select
        notice0_.notice_id as notice_i1_0_0_,
        notice0_.notice_kinds_id as notice_k2_0_0_,
        notice0_.notice_status as notice_s3_0_0_ 
    from
        notice notice0_ 
    where
        notice0_.notice_id=?
Hibernate: 
    insert 
    into
        notice
        (notice_kinds_id, notice_status) 
    values
        (?, ?)
Hibernate: 
    select
        notice0_.notice_id as notice_i1_0_0_,
        notice0_.notice_kinds_id as notice_k2_0_0_,
        notice0_.notice_status as notice_s3_0_0_ 
    from
        notice notice0_ 
    where
        notice0_.notice_id=?
Hibernate: 
    insert 
    into
        notice
        (notice_kinds_id, notice_status) 
    values
        (?, ?)
Hibernate: 
    select
        notice0_.notice_id as notice_i1_0_0_,
        notice0_.notice_kinds_id as notice_k2_0_0_,
        notice0_.notice_status as notice_s3_0_0_ 
    from
        notice notice0_ 
    where
        notice0_.notice_id=?
Hibernate: 
    insert 
    into
        notice
        (notice_kinds_id, notice_status) 
    values
        (?, ?)
Hibernate: 
    select
        notice0_.notice_id as notice_i1_0_0_,
        notice0_.notice_kinds_id as notice_k2_0_0_,
        notice0_.notice_status as notice_s3_0_0_ 
    from
        notice notice0_ 
    where
        notice0_.notice_id=?
Hibernate: 
    insert 
    into
        notice
        (notice_kinds_id, notice_status) 
    values
        (?, ?)
Hibernate: 
    select
        notice0_.notice_id as notice_i1_0_0_,
        notice0_.notice_kinds_id as notice_k2_0_0_,
        notice0_.notice_status as notice_s3_0_0_ 
    from
        notice notice0_ 
    where
        notice0_.notice_id=?
Hibernate: 
    insert 
    into
        notice
        (notice_kinds_id, notice_status) 
    values
        (?, ?)
Hibernate: 
    select
        notice0_.notice_id as notice_i1_0_0_,
        notice0_.notice_kinds_id as notice_k2_0_0_,
        notice0_.notice_status as notice_s3_0_0_ 
    from
        notice notice0_ 
    where
        notice0_.notice_id=?
Hibernate: 
    insert 
    into
        notice
        (notice_kinds_id, notice_status) 
    values
        (?, ?)
Hibernate: 
    select
        notice0_.notice_id as notice_i1_0_0_,
        notice0_.notice_kinds_id as notice_k2_0_0_,
        notice0_.notice_status as notice_s3_0_0_ 
    from
        notice notice0_ 
    where
        notice0_.notice_id=?
Hibernate: 
    insert 
    into
        notice
        (notice_kinds_id, notice_status) 
    values
        (?, ?)
Hibernate: 
    select
        notice0_.notice_id as notice_i1_0_0_,
        notice0_.notice_kinds_id as notice_k2_0_0_,
        notice0_.notice_status as notice_s3_0_0_ 
    from
        notice notice0_ 
    where
        notice0_.notice_id=?
Hibernate: 
    insert 
    into
        notice
        (notice_kinds_id, notice_status) 
    values
        (?, ?)
Hibernate: 
    select
        notice0_.notice_id as notice_i1_0_0_,
        notice0_.notice_kinds_id as notice_k2_0_0_,
        notice0_.notice_status as notice_s3_0_0_ 
    from
        notice notice0_ 
    where
        notice0_.notice_id=?
Hibernate: 
    insert 
    into
        notice
        (notice_kinds_id, notice_status) 
    values
        (?, ?)
Hibernate: 
    select
        notice0_.notice_id as notice_i1_0_0_,
        notice0_.notice_kinds_id as notice_k2_0_0_,
        notice0_.notice_status as notice_s3_0_0_ 
    from
        notice notice0_ 
    where
        notice0_.notice_id=?
Hibernate: 
    insert 
    into
        notice
        (notice_kinds_id, notice_status) 
    values
        (?, ?)
Hibernate: 
    select
        notice0_.notice_id as notice_i1_0_0_,
        notice0_.notice_kinds_id as notice_k2_0_0_,
        notice0_.notice_status as notice_s3_0_0_ 
    from
        notice notice0_ 
    where
        notice0_.notice_id=?
Hibernate: 
    insert 
    into
        notice
        (notice_kinds_id, notice_status) 
    values
        (?, ?)
Hibernate: 
    select
        notice0_.notice_id as notice_i1_0_0_,
        notice0_.notice_kinds_id as notice_k2_0_0_,
        notice0_.notice_status as notice_s3_0_0_ 
    from
        notice notice0_ 
    where
        notice0_.notice_id=?
Hibernate: 
    insert 
    into
        notice
        (notice_kinds_id, notice_status) 
    values
        (?, ?)
Hibernate: 
    select
        notice0_.notice_id as notice_i1_0_0_,
        notice0_.notice_kinds_id as notice_k2_0_0_,
        notice0_.notice_status as notice_s3_0_0_ 
    from
        notice notice0_ 
    where
        notice0_.notice_id=?
Hibernate: 
    insert 
    into
        notice
        (notice_kinds_id, notice_status) 
    values
        (?, ?)
Hibernate: 
    select
        notice0_.notice_id as notice_i1_0_0_,
        notice0_.notice_kinds_id as notice_k2_0_0_,
        notice0_.notice_status as notice_s3_0_0_ 
    from
        notice notice0_ 
    where
        notice0_.notice_id=?
Hibernate: 
    insert 
    into
        notice
        (notice_kinds_id, notice_status) 
    values
        (?, ?)
Hibernate: 
    select
        notice0_.notice_id as notice_i1_0_0_,
        notice0_.notice_kinds_id as notice_k2_0_0_,
        notice0_.notice_status as notice_s3_0_0_ 
    from
        notice notice0_ 
    where
        notice0_.notice_id=?
Hibernate: 
    insert 
    into
        notice
        (notice_kinds_id, notice_status) 
    values
        (?, ?)
Hibernate: 
    select
        notice0_.notice_id as notice_i1_0_0_,
        notice0_.notice_kinds_id as notice_k2_0_0_,
        notice0_.notice_status as notice_s3_0_0_ 
    from
        notice notice0_ 
    where
        notice0_.notice_id=?
Hibernate: 
    insert 
    into
        notice
        (notice_kinds_id, notice_status) 
    values
        (?, ?)
Hibernate: 
    select
        notice0_.notice_id as notice_i1_0_0_,
        notice0_.notice_kinds_id as notice_k2_0_0_,
        notice0_.notice_status as notice_s3_0_0_ 
    from
        notice notice0_ 
    where
        notice0_.notice_id=?
Hibernate: 
    insert 
    into
        notice
        (notice_kinds_id, notice_status) 
    values
        (?, ?)
Hibernate: 
    select
        notice0_.notice_id as notice_i1_0_0_,
        notice0_.notice_kinds_id as notice_k2_0_0_,
        notice0_.notice_status as notice_s3_0_0_ 
    from
        notice notice0_ 
    where
        notice0_.notice_id=?
Hibernate: 
    insert 
    into
        notice
        (notice_kinds_id, notice_status) 
    values
        (?, ?)
Hibernate: 
    select
        notice0_.notice_id as notice_i1_0_0_,
        notice0_.notice_kinds_id as notice_k2_0_0_,
        notice0_.notice_status as notice_s3_0_0_ 
    from
        notice notice0_ 
    where
        notice0_.notice_id=?
Hibernate: 
    insert 
    into
        notice
        (notice_kinds_id, notice_status) 
    values
        (?, ?)
Hibernate: 
    select
        notice0_.notice_id as notice_i1_0_0_,
        notice0_.notice_kinds_id as notice_k2_0_0_,
        notice0_.notice_status as notice_s3_0_0_ 
    from
        notice notice0_ 
    where
        notice0_.notice_id=?
Hibernate: 
    insert 
    into
        notice
        (notice_kinds_id, notice_status) 
    values
        (?, ?)
]]></system-out>
  <system-err><![CDATA[]]></system-err>
</testsuite>
